#
# A fatal error has been detected by the Java Runtime Environment:
#
#  SIGSEGV (0xb) at pc=0x00007f46198ef3a9, pid=94730, tid=94761
#
# JRE version: OpenJDK Runtime Environment (21.0.1+12) (build 21.0.1+12-29)
# Java VM: OpenJDK 64-Bit Server VM (21.0.1+12-29, mixed mode, sharing, tiered, compressed oops, compressed class ptrs, g1 gc, linux-amd64)
# Problematic frame:
# C  [libX11.so.6+0x313a9]  XLockDisplay+0x9
#
# Core dump will be written. Default location: Core dumps may be processed with "/lib/systemd/systemd-coredump %P %u %g %s %t 9223372036854775808 %h" (or dumping to /home/timur/Documents/core/fireflyengine/core.94730)
#
# If you would like to submit a bug report, please visit:
#   https://bugreport.java.com/bugreport/crash.jsp
# The crash happened outside the Java Virtual Machine in native code.
# See problematic frame for where to report the bug.
#

---------------  S U M M A R Y ------------

Command Line: -agentlib:jdwp=transport=dt_socket,server=n,suspend=y,address=127.0.0.1:38015 -Dfile.encoding=UTF-8 -Duser.country=US -Duser.language=en -Duser.variant Main

Host: Intel(R) Core(TM) i7-9700K CPU @ 3.60GHz, 8 cores, 15G, Debian GNU/Linux 12 (bookworm)
Time: Mon Feb 19 21:53:47 2024 CET elapsed time: 0.293921 seconds (0d 0h 0m 0s)

---------------  T H R E A D  ---------------

Current thread (0x00007f45dc0abc20):  JavaThread "QuantumRenderer-0" daemon [_thread_in_native, id=94761, stack(0x00007f4619e24000,0x00007f4619f24000) (1024K)]

Stack: [0x00007f4619e24000,0x00007f4619f24000],  sp=0x00007f4619f21f00,  free space=1015k
Native frames: (J=compiled Java code, j=interpreted, Vv=VM code, C=native code)
C  [libX11.so.6+0x313a9]  XLockDisplay+0x9
Java frames: (J=compiled Java code, j=interpreted, Vv=VM code)
j  com.sun.prism.es2.X11GLContext.nInitialize(JJZ)J+0
j  com.sun.prism.es2.X11GLContext.<init>(Lcom/sun/prism/es2/GLDrawable;Lcom/sun/prism/es2/GLPixelFormat;Z)V+106
j  com.sun.prism.es2.X11GLFactory.createGLContext(Lcom/sun/prism/es2/GLDrawable;Lcom/sun/prism/es2/GLPixelFormat;Lcom/sun/prism/es2/GLContext;Z)Lcom/sun/prism/es2/GLContext;+8
j  com.sun.prism.es2.ES2Context.<init>(Lcom/sun/glass/ui/Screen;Lcom/sun/prism/ps/ShaderFactory;)V+100
j  com.sun.prism.es2.ES2ResourceFactory.<init>(Lcom/sun/glass/ui/Screen;)V+20
j  com.sun.prism.es2.ES2Pipeline.getES2ResourceFactory(ILcom/sun/glass/ui/Screen;)Lcom/sun/prism/es2/ES2ResourceFactory;+19
j  com.sun.prism.es2.ES2Pipeline.findDefaultResourceFactory(Ljava/util/List;)Lcom/sun/prism/es2/ES2ResourceFactory;+20
j  com.sun.prism.es2.ES2Pipeline.getDefaultResourceFactory(Ljava/util/List;)Lcom/sun/prism/ResourceFactory;+9
j  com.sun.prism.GraphicsPipeline.getDefaultResourceFactory()Lcom/sun/prism/ResourceFactory;+8
j  com.sun.javafx.tk.quantum.QuantumRenderer.lambda$createResourceFactory$2()V+0
j  com.sun.javafx.tk.quantum.QuantumRenderer$$Lambda+0x00007f461c085d50.run()V+0
j  java.util.concurrent.Executors$RunnableAdapter.call()Ljava/lang/Object;+4 java.base@21.0.1
j  java.util.concurrent.FutureTask.runAndReset()Z+44 java.base@21.0.1
j  com.sun.javafx.tk.RenderJob.run()V+1
j  java.util.concurrent.ThreadPoolExecutor.runWorker(Ljava/util/concurrent/ThreadPoolExecutor$Worker;)V+92 java.base@21.0.1
j  java.util.concurrent.ThreadPoolExecutor$Worker.run()V+5 java.base@21.0.1
j  com.sun.javafx.tk.quantum.QuantumRenderer$PipelineRunnable.run()V+8
j  java.lang.Thread.runWith(Ljava/lang/Object;Ljava/lang/Runnable;)V+5 java.base@21.0.1
j  java.lang.Thread.run()V+19 java.base@21.0.1
v  ~StubRoutines::call_stub 0x00007f467bf37cc6

siginfo: si_signo: 11 (SIGSEGV), si_code: 1 (SEGV_MAPERR), si_addr: 0x00007f42204104e3

Registers:
RAX=0x0000000000001000, RBX=0x00007f422040fb7b, RCX=0x0000000000001000, RDX=0x00007f45d45c16f8
RSP=0x00007f4619f21f00, RBP=0x00007f45d43c6430, RSI=0x0000000300000000, RDI=0x00007f422040fb7b
R8 =0x00007f45d4000820, R9 =0x00007f45d4000820, R10=0x0000000000000000, R11=0x0000000000000000
R12=0x00007f45d45c0e48, R13=0x00007f45d45e9600, R14=0x00007f422040fb7b, R15=0x00007f45d45c0d10
RIP=0x00007f46198ef3a9, EFLAGS=0x0000000000010206, CSGSFS=0x002b000000000033, ERR=0x0000000000000004
  TRAPNO=0x000000000000000e


Register to memory mapping:

RAX=0x0000000000001000 is an unknown value
RBX=0x00007f422040fb7b is an unknown value
RCX=0x0000000000001000 is an unknown value
RDX=0x00007f45d45c16f8 points into unknown readable memory: 0x7fffffff7fffffff | ff ff ff 7f ff ff ff 7f
RSP=0x00007f4619f21f00 is pointing into the stack for thread: 0x00007f45dc0abc20
RBP=0x00007f45d43c6430 points into unknown readable memory: 0x00007f45d43bb830 | 30 b8 3b d4 45 7f 00 00
RSI=0x0000000300000000 is an unknown value
RDI=0x00007f422040fb7b is an unknown value
R8 =0x00007f45d4000820 points into unknown readable memory: 0x00007f45d4000810 | 10 08 00 d4 45 7f 00 00
R9 =0x00007f45d4000820 points into unknown readable memory: 0x00007f45d4000810 | 10 08 00 d4 45 7f 00 00
R10=0x0 is null
R11=0x0 is null
R12=0x00007f45d45c0e48 points into unknown readable memory: 0x00007f45d43cd350 | 50 d3 3c d4 45 7f 00 00
R13=0x00007f45d45e9600 points into unknown readable memory: 0x00000000000000af | af 00 00 00 00 00 00 00
R14=0x00007f422040fb7b is an unknown value
R15=0x00007f45d45c0d10 points into unknown readable memory: 0x0000000000000000 | 00 00 00 00 00 00 00 00

Top of Stack: (sp=0x00007f4619f21f00)
0x00007f4619f21f00:   00007f45d43bba50 00007f45d43bba50
0x00007f4619f21f10:   00007f45d43c6430 00007f461955977e
0x00007f4619f21f20:   0000000000000000 00007f4500000001
0x00007f4619f21f30:   0000000000000000 000080140003fff4
0x00007f4619f21f40:   0000000000000000 0000000000000000
0x00007f4619f21f50:   0000000000000000 0000000000000000
0x00007f4619f21f60:   0000000000000000 0000000000000000
0x00007f4619f21f70:   0000000000000000 00007f45ce86c5f7
0x00007f4619f21f80:   00007f45dc0ab700 00007f45ce86c856
0x00007f4619f21f90:   00007f467bf96100 00007f45ce86c5d0
0x00007f4619f21fa0:   00007f467bf96117 0000000000000001
0x00007f4619f21fb0:   00007f4619f236c0 000000000001720a
0x00007f4619f21fc0:   00007f45cfe6e7e0 00007f46195fed08
0x00007f4619f21fd0:   00007f45cfe71780 00007f45ce86c5f7
0x00007f4619f21fe0:   00007f4619f236c0 00007f461955df93
0x00007f4619f21ff0:   00007f45cfe6e7e0 0000000000000001
0x00007f4619f22000:   00007f4619f236c0 000000000001720a
0x00007f4619f22010:   0000000000000016 0000000000000000
0x00007f4619f22020:   0000826100000002 00000000000082fc
0x00007f4619f22030:   00007f4619f236c0 00007f45d43c6430
0x00007f4619f22040:   00007f45d41024c0 0000000000000001
0x00007f4619f22050:   00007f45d43c6430 00007f45d43bba50
0x00007f4619f22060:   0000000000008014 0000000000000000
0x00007f4619f22070:   00007f45d41024c0 00007f461954e3a0
0x00007f4619f22080:   0000000000000000 0000000000000001
0x00007f4619f22090:   00007f45d43c6430 00007f45d43c6430
0x00007f4619f220a0:   00007f45d41024c0 00007f45d40cc2a0
0x00007f4619f220b0:   0000000000008014 0000000000000001
0x00007f4619f220c0:   0000000000000000 00007f4619c3c224
0x00007f4619f220d0:   0000000000000000 00007f46105317a0
0x00007f4619f220e0:   00007f4619f22170 0000000000000001
0x00007f4619f220f0:   00007f46105317a0 00007f45d43c6430 

Instructions: (pc=0x00007f46198ef3a9)
0x00007f46198ef2a9:   89 df e8 10 c5 fe ff 49 89 c4 48 85 ed 0f 84 c4
0x00007f46198ef2b9:   00 00 00 48 89 ef e8 ac b7 fe ff 44 0f b7 e8 89
0x00007f46198ef2c9:   c1 4d 8d 75 03 4c 89 ea 4d 89 f7 49 c1 ff 02 48
0x00007f46198ef2d9:   89 54 24 08 48 89 df 66 41 89 4c 24 08 ff 53 48
0x00007f46198ef2e9:   48 8b 54 24 08 48 89 44 24 10 41 89 44 24 04 66
0x00007f46198ef2f9:   45 01 7c 24 02 48 8b bb b0 00 00 00 48 8d 04 17
0x00007f46198ef309:   48 39 83 b8 00 00 00 72 5e 48 89 ee 49 83 e6 fc
0x00007f46198ef319:   e8 42 c2 fe ff 4c 01 b3 b0 00 00 00 48 8b 83 68
0x00007f46198ef329:   09 00 00 48 85 c0 74 06 48 89 df ff 50 08 48 8b
0x00007f46198ef339:   83 d0 00 00 00 48 85 c0 74 05 48 89 df ff d0 48
0x00007f46198ef349:   8b 44 24 10 48 8b 54 24 18 64 48 2b 14 25 28 00
0x00007f46198ef359:   00 00 75 38 48 83 c4 28 5b 5d 41 5c 41 5d 41 5e
0x00007f46198ef369:   41 5f c3 0f 1f 40 00 4c 89 ea 48 89 ee 48 89 df
0x00007f46198ef379:   e8 c2 b8 fe ff eb a5 31 d2 45 31 ff 41 be 03 00
0x00007f46198ef389:   00 00 45 31 ed 31 c9 e9 43 ff ff ff e8 76 b7 fe
0x00007f46198ef399:   ff 66 0f 1f 44 00 00 55 53 48 89 fb 48 83 ec 08
0x00007f46198ef3a9:   48 8b 87 68 09 00 00 48 85 c0 74 02 ff 10 48 8b
0x00007f46198ef3b9:   83 50 09 00 00 48 85 c0 74 7e 48 89 df ff 90 a8
0x00007f46198ef3c9:   00 00 00 48 8b 83 50 09 00 00 48 85 c0 74 69 48
0x00007f46198ef3d9:   83 78 10 00 74 62 48 89 df ff 90 b8 00 00 00 48
0x00007f46198ef3e9:   89 c5 48 8b 83 50 09 00 00 48 8b 40 20 48 89 45
0x00007f46198ef3f9:   10 48 8b 83 50 09 00 00 48 89 68 20 48 8b 8b 50
0x00007f46198ef409:   09 00 00 48 83 79 10 00 74 20 0f 1f 44 00 00 48
0x00007f46198ef419:   8b 31 48 8b 7d 00 ff 91 80 00 00 00 48 8b 8b 50
0x00007f46198ef429:   09 00 00 48 83 79 10 00 75 e5 48 8d 51 28 48 8d
0x00007f46198ef439:   71 20 48 89 df ff 51 70 48 8b 83 68 09 00 00 48
0x00007f46198ef449:   85 c0 74 13 48 8b 40 08 48 83 c4 08 48 89 df 5b
0x00007f46198ef459:   5d ff e0 0f 1f 40 00 48 83 c4 08 5b 5d c3 66 0f
0x00007f46198ef469:   1f 84 00 00 00 00 00 53 48 8b 87 68 09 00 00 48
0x00007f46198ef479:   89 fb 48 85 c0 74 30 ff 10 48 8b 83 50 09 00 00
0x00007f46198ef489:   48 85 c0 74 09 48 89 df ff 90 b0 00 00 00 48 8b
0x00007f46198ef499:   83 68 09 00 00 48 85 c0 74 19 48 89